2025-08-01 08:54:25,954 - database.vector_store - INFO - Initialized vector store: 384D, L2
2025-08-01 08:54:34,634 - database.text_processor - INFO - Initialized text processor with model: paraphrase-multilingual-MiniLM-L12-v2
2025-08-01 08:54:34,635 - database.search_engine - INFO - Initialized search engine
2025-08-01 08:54:34,635 - rag.rag_pipeline - INFO - Initialized RAG pipeline
2025-08-01 08:55:43,061 - database.vector_store - INFO - Initialized vector store: 384D, L2
2025-08-01 08:55:49,852 - database.text_processor - INFO - Initialized text processor with model: paraphrase-multilingual-MiniLM-L12-v2
2025-08-01 08:55:49,852 - database.search_engine - INFO - Initialized search engine
2025-08-01 08:55:49,853 - rag.rag_pipeline - INFO - Initialized RAG pipeline
2025-08-01 10:08:06,836 - __main__ - INFO - Initializing Healthcare-AI system...
2025-08-01 10:08:06,837 - database.vector_store - INFO - Initialized vector store: 384D, L2
2025-08-01 10:08:13,350 - database.text_processor - INFO - Initialized text processor with model: paraphrase-multilingual-MiniLM-L12-v2
2025-08-01 10:08:13,351 - database.search_engine - INFO - Initialized search engine
2025-08-01 10:08:13,352 - rag.rag_pipeline - INFO - Initialized RAG pipeline
2025-08-01 10:08:13,611 - __main__ - INFO - System initialized with 5 documents
2025-08-01 10:10:56,596 - __main__ - INFO - Initializing Healthcare-AI system...
2025-08-01 10:10:56,596 - database.vector_store - INFO - Initialized vector store: 384D, L2
2025-08-01 10:11:03,629 - database.text_processor - INFO - Initialized text processor with model: paraphrase-multilingual-MiniLM-L12-v2
2025-08-01 10:11:03,630 - database.search_engine - INFO - Initialized search engine
2025-08-01 10:11:03,631 - rag.rag_pipeline - INFO - Initialized RAG pipeline
2025-08-01 10:11:03,827 - __main__ - INFO - System initialized with 5 documents
2025-08-01 10:18:30,130 - __main__ - INFO - Shutting down Healthcare-AI system...
2025-08-01 10:18:38,080 - __main__ - INFO - Initializing Healthcare-AI system...
2025-08-01 10:18:38,080 - database.vector_store - INFO - Initialized vector store: 384D, L2
2025-08-01 10:18:44,384 - database.text_processor - INFO - Initialized text processor with model: paraphrase-multilingual-MiniLM-L12-v2
2025-08-01 10:18:44,385 - database.search_engine - INFO - Initialized search engine
2025-08-01 10:18:44,386 - rag.rag_pipeline - INFO - Initialized RAG pipeline
2025-08-01 10:18:44,565 - __main__ - INFO - System initialized with 5 documents
2025-08-01 10:18:50,672 - __main__ - INFO - Extracted choices: {}
2025-08-01 10:22:37,503 - __main__ - INFO - Shutting down Healthcare-AI system...
2025-08-01 10:22:45,324 - __main__ - INFO - Initializing Healthcare-AI system...
2025-08-01 10:22:45,325 - database.vector_store - INFO - Initialized vector store: 384D, L2
2025-08-01 10:22:52,355 - database.text_processor - INFO - Initialized text processor with model: paraphrase-multilingual-MiniLM-L12-v2
2025-08-01 10:22:52,357 - database.search_engine - INFO - Initialized search engine
2025-08-01 10:22:52,358 - rag.rag_pipeline - INFO - Initialized RAG pipeline
2025-08-01 10:22:52,564 - __main__ - INFO - System initialized with 5 documents
2025-08-01 10:23:55,714 - __main__ - INFO - Input question: ??????????????????????? ?.??????????????? ?.????????????? ?.????????????????????????? ?.??????????
2025-08-01 10:23:55,714 - __main__ - INFO - Extracted choices: {}
2025-08-01 10:30:55,012 - __main__ - INFO - Input question: อะไรคือสิ่งสำคัญสำหรับสุขภาพ? ก.การนอนหลับเพียงพอ ข.การออกกำลังกาย ค.การรับประทานอาหารที่มีประโยชน์ ง.ทั้งหมดข้างต้น
2025-08-01 10:30:55,012 - __main__ - INFO - Extracted choices: {}
2025-08-01 11:03:52,402 - __main__ - INFO - Input question: อะไรคือสิ่งสำคัญสำหรับสุขภาพ? ก.การนอนหลับเพียงพอ ข.การออกกำลังกาย ค.การรับประทานอาหารที่มีประโยชน์ ง.ทั้งหมดข้างต้น
2025-08-01 11:03:52,402 - __main__ - INFO - Extracted choices: {}
2025-08-01 11:05:15,795 - __main__ - INFO - Shutting down Healthcare-AI system...
2025-08-01 11:06:54,745 - __main__ - INFO - Initializing Healthcare-AI system...
2025-08-01 11:06:54,746 - database.vector_store - INFO - Initialized vector store: 384D, L2
2025-08-01 11:07:03,868 - database.text_processor - INFO - Initialized text processor with model: paraphrase-multilingual-MiniLM-L12-v2
2025-08-01 11:07:03,869 - database.search_engine - INFO - Initialized search engine
2025-08-01 11:07:03,870 - rag.rag_pipeline - INFO - Initialized RAG pipeline
2025-08-01 11:07:04,060 - __main__ - INFO - System initialized with 5 documents
2025-08-01 11:07:20,284 - __main__ - INFO - Input question: อะไรคือสิ่งสำคัญสำหรับสุขภาพ? ก.การนอนหลับเพียงพอ ข.การออกกำลังกาย ค.การรับประทานอาหารที่มีประโยชน์ ง.ทั้งหมดข้างต้น
2025-08-01 11:07:20,286 - __main__ - INFO - Extracted choices: {'ก': 'การนอนหลับเพียงพอ', 'ข': 'การออกกำลังกาย', 'ค': 'การรับประทานอาหารที่มีประโยชน์', 'ง': 'ทั้งหมดข้างต้น'}
2025-08-01 11:07:20,287 - __main__ - INFO - Processing question with 4 choices
2025-08-01 11:10:47,932 - __main__ - INFO - Input question: อะไรคือสิ่งสำคัญสำหรับสุขภาพ? ก.การนอนหลับเพียงพอ ข.การออกกำลังกาย ค.การรับประทานอาหารที่มีประโยชน์ ง.ทั้งหมดข้างต้น
2025-08-01 11:10:47,933 - __main__ - INFO - Extracted choices: {'ก': 'การนอนหลับเพียงพอ', 'ข': 'การออกกำลังกาย', 'ค': 'การรับประทานอาหารที่มีประโยชน์', 'ง': 'ทั้งหมดข้างต้น'}
2025-08-01 11:10:47,934 - __main__ - INFO - Processing question with 4 choices
2025-08-01 11:10:49,763 - __main__ - INFO - Input question: อะไรคือสิ่งสำคัญสำหรับสุขภาพ? ก.การนอนหลับเพียงพอ ข.การออกกำลังกาย ค.การรับประทานอาหารที่มีประโยชน์ ง.ทั้งหมดข้างต้น
2025-08-01 11:10:49,764 - __main__ - INFO - Extracted choices: {'ก': 'การนอนหลับเพียงพอ', 'ข': 'การออกกำลังกาย', 'ค': 'การรับประทานอาหารที่มีประโยชน์', 'ง': 'ทั้งหมดข้างต้น'}
2025-08-01 11:10:49,765 - __main__ - INFO - Processing question with 4 choices
2025-08-01 11:10:51,085 - __main__ - INFO - Input question: อะไรคือสิ่งสำคัญสำหรับสุขภาพ? ก.การนอนหลับเพียงพอ ข.การออกกำลังกาย ค.การรับประทานอาหารที่มีประโยชน์ ง.ทั้งหมดข้างต้น
2025-08-01 11:10:51,086 - __main__ - INFO - Extracted choices: {'ก': 'การนอนหลับเพียงพอ', 'ข': 'การออกกำลังกาย', 'ค': 'การรับประทานอาหารที่มีประโยชน์', 'ง': 'ทั้งหมดข้างต้น'}
2025-08-01 11:10:51,086 - __main__ - INFO - Processing question with 4 choices
